c:\onedrive\ray tracer\ray tracing use this\ray tracer\x64\debug\vc140.pdb
c:\onedrive\ray tracer\ray tracing use this\ray tracer\x64\debug\vc140.idb
c:\onedrive\ray tracer\ray tracing use this\ray tracer\x64\debug\main.obj
c:\onedrive\ray tracer\ray tracing use this\ray tracer\x64\debug\scene.obj
c:\onedrive\ray tracer\ray tracing use this\ray tracer\x64\debug\parseobj.obj
c:\onedrive\ray tracer\ray tracing use this\ray tracer\x64\debug\ray tracer edx.ilk
c:\onedrive\ray tracer\ray tracing use this\ray tracer\x64\debug\ray tracer edx.exe
c:\onedrive\ray tracer\ray tracing use this\ray tracer\x64\debug\ray tracer edx.pdb
c:\onedrive\ray tracer\ray tracing use this\ray tracer\x64\debug\ray tracer edx.tlog\cl.command.1.tlog
c:\onedrive\ray tracer\ray tracing use this\ray tracer\x64\debug\ray tracer edx.tlog\cl.read.1.tlog
c:\onedrive\ray tracer\ray tracing use this\ray tracer\x64\debug\ray tracer edx.tlog\cl.write.1.tlog
c:\onedrive\ray tracer\ray tracing use this\ray tracer\x64\debug\ray tracer edx.tlog\link-cvtres.read.1.tlog
c:\onedrive\ray tracer\ray tracing use this\ray tracer\x64\debug\ray tracer edx.tlog\link-cvtres.write.1.tlog
c:\onedrive\ray tracer\ray tracing use this\ray tracer\x64\debug\ray tracer edx.tlog\link-rc.read.1.tlog
c:\onedrive\ray tracer\ray tracing use this\ray tracer\x64\debug\ray tracer edx.tlog\link-rc.write.1.tlog
c:\onedrive\ray tracer\ray tracing use this\ray tracer\x64\debug\ray tracer edx.tlog\link.10416-cvtres.read.1.tlog
c:\onedrive\ray tracer\ray tracing use this\ray tracer\x64\debug\ray tracer edx.tlog\link.10416-cvtres.write.1.tlog
c:\onedrive\ray tracer\ray tracing use this\ray tracer\x64\debug\ray tracer edx.tlog\link.10416-rc.read.1.tlog
c:\onedrive\ray tracer\ray tracing use this\ray tracer\x64\debug\ray tracer edx.tlog\link.10416-rc.write.1.tlog
c:\onedrive\ray tracer\ray tracing use this\ray tracer\x64\debug\ray tracer edx.tlog\link.10416.read.1.tlog
c:\onedrive\ray tracer\ray tracing use this\ray tracer\x64\debug\ray tracer edx.tlog\link.10416.write.1.tlog
c:\onedrive\ray tracer\ray tracing use this\ray tracer\x64\debug\ray tracer edx.tlog\link.command.1.tlog
c:\onedrive\ray tracer\ray tracing use this\ray tracer\x64\debug\ray tracer edx.tlog\link.read.1.tlog
c:\onedrive\ray tracer\ray tracing use this\ray tracer\x64\debug\ray tracer edx.tlog\link.write.1.tlog
