  Main.cpp
c:\my filesssssssssssss\ray tracer\ray tracer 1.0\ray tracer\Constants.h(10): warning C4005: 'INFINITY': macro redefinition
  C:\Program Files (x86)\Windows Kits\10\Include\10.0.10240.0\ucrt\math.h(78): note: see previous definition of 'INFINITY'
c:\my filesssssssssssss\ray tracer\ray tracer 1.0\ray tracer\Constants.h(13): warning C4305: 'initializing': truncation from 'double' to 'float'
c:\my filesssssssssssss\ray tracer\ray tracer 1.0\ray tracer\Constants.h(15): warning C4305: 'initializing': truncation from 'double' to 'float'
c:\my filesssssssssssss\ray tracer\ray tracer 1.0\ray tracer\Constants.h(17): warning C4305: 'argument': truncation from 'double' to 'float'
Main.cpp(32): warning C4305: 'argument': truncation from 'double' to 'float'
Main.cpp(54): warning C4244: 'argument': conversion from 'int' to 'float', possible loss of data
Main.cpp(55): warning C4244: 'argument': conversion from 'int' to 'float', possible loss of data
Main.cpp(56): warning C4244: 'argument': conversion from 'int' to 'float', possible loss of data
Main.cpp(61): warning C4244: 'argument': conversion from 'int' to 'float', possible loss of data
Main.cpp(62): warning C4244: 'argument': conversion from 'int' to 'float', possible loss of data
Main.cpp(63): warning C4244: 'argument': conversion from 'int' to 'float', possible loss of data
Main.cpp(77): warning C4244: 'argument': conversion from 'int' to 'float', possible loss of data
Main.cpp(78): warning C4244: 'argument': conversion from 'int' to 'float', possible loss of data
Main.cpp(79): warning C4244: 'argument': conversion from 'int' to 'float', possible loss of data
Main.cpp(84): warning C4244: 'argument': conversion from 'int' to 'float', possible loss of data
Main.cpp(85): warning C4244: 'argument': conversion from 'int' to 'float', possible loss of data
Main.cpp(86): warning C4244: 'argument': conversion from 'int' to 'float', possible loss of data
  Scene.cpp
c:\my filesssssssssssss\ray tracer\ray tracer 1.0\ray tracer\Constants.h(10): warning C4005: 'INFINITY': macro redefinition
  C:\Program Files (x86)\Windows Kits\10\Include\10.0.10240.0\ucrt\math.h(78): note: see previous definition of 'INFINITY'
c:\my filesssssssssssss\ray tracer\ray tracer 1.0\ray tracer\Constants.h(13): warning C4305: 'initializing': truncation from 'double' to 'float'
c:\my filesssssssssssss\ray tracer\ray tracer 1.0\ray tracer\Constants.h(15): warning C4305: 'initializing': truncation from 'double' to 'float'
c:\my filesssssssssssss\ray tracer\ray tracer 1.0\ray tracer\Constants.h(17): warning C4305: 'argument': truncation from 'double' to 'float'
Scene.cpp(109): warning C4244: 'initializing': conversion from 'double' to 'float', possible loss of data
Scene.cpp(114): warning C4244: 'initializing': conversion from 'double' to 'float', possible loss of data
Scene.cpp(115): warning C4244: 'initializing': conversion from 'double' to 'float', possible loss of data
  Generating code
  17 of 316 functions ( 5.4%) were compiled, the rest were copied from previous compilation.
    0 functions were new in current compilation
    0 functions had inline decision re-evaluated but remain unchanged
  Finished generating code
  Ray Tracer edx.vcxproj -> C:\My Filesssssssssssss\Ray Tracer\Ray Tracer 1.0\Ray Tracer\x64\Release\Ray Tracer edx.exe
  Ray Tracer edx.vcxproj -> C:\My Filesssssssssssss\Ray Tracer\Ray Tracer 1.0\Ray Tracer\x64\Release\Ray Tracer edx.pdb (Full PDB)
